<?xml version="1.0" encoding="UTF-8"?>
<coverage generated="1784446211138" clover="3.2.0">
  <project timestamp="1784446211139" name="All files">
    <metrics statements="79" coveredstatements="74" conditionals="43" coveredconditionals="29" methods="10" coveredmethods="8" elements="132" coveredelements="111" complexity="0" loc="79" ncloc="79" packages="2" files="4" classes="4"/>
    <package name="ai-pipeline">
      <metrics statements="35" coveredstatements="31" conditionals="20" coveredconditionals="14" methods="3" coveredmethods="2"/>
      <file name="pipeline.ts" path="E:\pw2 - Copy (2) - Copy - Copy\packages\ai-pipeline\pipeline.ts">
        <metrics statements="35" coveredstatements="31" conditionals="20" coveredconditionals="14" methods="3" coveredmethods="2"/>
        <line num="47" count="10" type="cond" truecount="2" falsecount="0"/>
        <line num="49" count="9" type="stmt"/>
        <line num="50" count="9" type="stmt"/>
        <line num="52" count="9" type="cond" truecount="2" falsecount="0"/>
        <line num="53" count="1" type="stmt"/>
        <line num="55" count="9" type="stmt"/>
        <line num="59" count="2" type="stmt"/>
        <line num="60" count="2" type="stmt"/>
        <line num="70" count="4" type="stmt"/>
        <line num="71" count="4" type="cond" truecount="2" falsecount="0"/>
        <line num="72" count="1" type="stmt"/>
        <line num="82" count="3" type="stmt"/>
        <line num="83" count="3" type="cond" truecount="1" falsecount="1"/>
        <line num="84" count="0" type="stmt"/>
        <line num="86" count="3" type="stmt"/>
        <line num="87" count="3" type="stmt"/>
        <line num="91" count="3" type="stmt"/>
        <line num="96" count="3" type="stmt"/>
        <line num="97" count="0" type="cond" truecount="0" falsecount="2"/>
        <line num="101" count="3" type="stmt"/>
        <line num="106" count="3" type="cond" truecount="1" falsecount="1"/>
        <line num="108" count="4" type="stmt"/>
        <line num="129" count="3" type="cond" truecount="2" falsecount="0"/>
        <line num="130" count="1" type="stmt"/>
        <line num="135" count="2" type="stmt"/>
        <line num="136" count="2" type="cond" truecount="1" falsecount="1"/>
        <line num="137" count="0" type="stmt"/>
        <line num="144" count="2" type="cond" truecount="2" falsecount="0"/>
        <line num="145" count="1" type="stmt"/>
        <line num="154" count="1" type="stmt"/>
        <line num="157" count="1" type="cond" truecount="1" falsecount="1"/>
        <line num="159" count="0" type="stmt"/>
        <line num="167" count="1" type="stmt"/>
        <line num="179" count="1" type="stmt"/>
        <line num="182" count="1" type="stmt"/>
      </file>
    </package>
    <package name="ai-pipeline.agents">
      <metrics statements="44" coveredstatements="43" conditionals="23" coveredconditionals="15" methods="7" coveredmethods="6"/>
      <file name="dispatcher-agent.ts" path="E:\pw2 - Copy (2) - Copy - Copy\packages\ai-pipeline\agents\dispatcher-agent.ts">
        <metrics statements="21" coveredstatements="21" conditionals="13" coveredconditionals="10" methods="4" coveredmethods="4"/>
        <line num="8" count="2" type="stmt"/>
        <line num="39" count="4" type="stmt"/>
        <line num="40" count="4" type="stmt"/>
        <line num="42" count="4" type="stmt"/>
        <line num="53" count="4" type="stmt"/>
        <line num="71" count="3" type="cond" truecount="1" falsecount="1"/>
        <line num="72" count="4" type="stmt"/>
        <line num="74" count="4" type="stmt"/>
        <line num="75" count="4" type="stmt"/>
        <line num="78" count="1" type="stmt"/>
        <line num="81" count="1" type="stmt"/>
        <line num="83" count="1" type="stmt"/>
        <line num="106" count="7" type="stmt"/>
        <line num="107" count="7" type="cond" truecount="3" falsecount="0"/>
        <line num="110" count="7" type="cond" truecount="2" falsecount="0"/>
        <line num="111" count="3" type="cond" truecount="2" falsecount="0"/>
        <line num="114" count="2" type="stmt"/>
        <line num="115" count="1" type="stmt"/>
        <line num="116" count="1" type="stmt"/>
        <line num="117" count="1" type="stmt"/>
        <line num="120" count="2" type="stmt"/>
      </file>
      <file name="intake-agent.ts" path="E:\pw2 - Copy (2) - Copy - Copy\packages\ai-pipeline\agents\intake-agent.ts">
        <metrics statements="10" coveredstatements="10" conditionals="2" coveredconditionals="1" methods="1" coveredmethods="1"/>
        <line num="9" count="2" type="stmt"/>
        <line num="33" count="7" type="stmt"/>
        <line num="34" count="7" type="stmt"/>
        <line num="36" count="7" type="stmt"/>
        <line num="50" count="6" type="cond" truecount="1" falsecount="1"/>
        <line num="51" count="7" type="stmt"/>
        <line num="53" count="7" type="stmt"/>
        <line num="54" count="7" type="stmt"/>
        <line num="55" count="7" type="stmt"/>
        <line num="58" count="1" type="stmt"/>
      </file>
      <file name="prioritizer-agent.ts" path="E:\pw2 - Copy (2) - Copy - Copy\packages\ai-pipeline\agents\prioritizer-agent.ts">
        <metrics statements="13" coveredstatements="12" conditionals="8" coveredconditionals="4" methods="2" coveredmethods="1"/>
        <line num="8" count="2" type="stmt"/>
        <line num="39" count="10" type="stmt"/>
        <line num="40" count="10" type="stmt"/>
        <line num="42" count="10" type="stmt"/>
        <line num="44" count="0" type="stmt"/>
        <line num="53" count="10" type="stmt"/>
        <line num="71" count="9" type="cond" truecount="1" falsecount="1"/>
        <line num="72" count="10" type="stmt"/>
        <line num="74" count="10" type="stmt"/>
        <line num="75" count="10" type="stmt"/>
        <line num="78" count="1" type="stmt"/>
        <line num="88" count="1" type="stmt"/>
        <line num="99" count="1" type="stmt"/>
      </file>
    </package>
  </project>
</coverage>
