<?xml version="1.0" encoding="UTF-8"?>
<coverage generated="1784463960791" clover="3.2.0">
  <project timestamp="1784463960791" name="All files">
    <metrics statements="64" coveredstatements="64" conditionals="21" coveredconditionals="18" methods="12" coveredmethods="12" elements="97" coveredelements="94" complexity="0" loc="64" ncloc="64" packages="1" files="3" classes="3"/>
    <file name="dispatcher-agent.ts" path="E:\pw2 - Copy (2) - Copy - Copy\packages\ai-pipeline\agents\dispatcher-agent.ts">
      <metrics statements="30" coveredstatements="30" conditionals="13" coveredconditionals="11" methods="6" coveredmethods="6"/>
      <line num="14" count="2" type="stmt"/>
      <line num="20" count="2" type="stmt"/>
      <line num="26" count="2" type="stmt"/>
      <line num="32" count="2" type="stmt"/>
      <line num="60" count="5" type="stmt"/>
      <line num="61" count="5" type="stmt"/>
      <line num="63" count="5" type="stmt"/>
      <line num="74" count="5" type="stmt"/>
      <line num="92" count="4" type="cond" truecount="2" falsecount="0"/>
      <line num="93" count="5" type="stmt"/>
      <line num="109" count="4" type="stmt"/>
      <line num="111" count="4" type="stmt"/>
      <line num="112" count="4" type="stmt"/>
      <line num="114" count="2" type="stmt"/>
      <line num="126" count="2" type="stmt"/>
      <line num="127" count="2" type="stmt"/>
      <line num="128" count="2" type="stmt"/>
      <line num="129" count="2" type="stmt"/>
      <line num="131" count="2" type="cond" truecount="1" falsecount="1"/>
      <line num="132" count="2" type="stmt"/>
      <line num="134" count="2" type="stmt"/>
      <line num="161" count="12" type="stmt"/>
      <line num="162" count="12" type="cond" truecount="3" falsecount="0"/>
      <line num="165" count="12" type="cond" truecount="2" falsecount="0"/>
      <line num="166" count="7" type="cond" truecount="2" falsecount="0"/>
      <line num="168" count="6" type="stmt"/>
      <line num="169" count="4" type="stmt"/>
      <line num="170" count="4" type="stmt"/>
      <line num="171" count="4" type="stmt"/>
      <line num="174" count="6" type="stmt"/>
    </file>
    <file name="intake-agent.ts" path="E:\pw2 - Copy (2) - Copy - Copy\packages\ai-pipeline\agents\intake-agent.ts">
      <metrics statements="14" coveredstatements="14" conditionals="2" coveredconditionals="2" methods="2" coveredmethods="2"/>
      <line num="14" count="2" type="stmt"/>
      <line num="20" count="2" type="stmt"/>
      <line num="26" count="2" type="stmt"/>
      <line num="32" count="2" type="stmt"/>
      <line num="46" count="10" type="stmt"/>
      <line num="47" count="10" type="stmt"/>
      <line num="49" count="10" type="stmt"/>
      <line num="63" count="9" type="cond" truecount="2" falsecount="0"/>
      <line num="64" count="10" type="stmt"/>
      <line num="76" count="9" type="stmt"/>
      <line num="78" count="9" type="stmt"/>
      <line num="79" count="9" type="stmt"/>
      <line num="80" count="9" type="stmt"/>
      <line num="83" count="2" type="stmt"/>
    </file>
    <file name="prioritizer-agent.ts" path="E:\pw2 - Copy (2) - Copy - Copy\packages\ai-pipeline\agents\prioritizer-agent.ts">
      <metrics statements="20" coveredstatements="20" conditionals="6" coveredconditionals="5" methods="4" coveredmethods="4"/>
      <line num="14" count="2" type="stmt"/>
      <line num="20" count="2" type="stmt"/>
      <line num="26" count="2" type="stmt"/>
      <line num="32" count="2" type="stmt"/>
      <line num="60" count="15" type="stmt"/>
      <line num="61" count="15" type="stmt"/>
      <line num="63" count="15" type="stmt"/>
      <line num="65" count="1" type="stmt"/>
      <line num="74" count="15" type="stmt"/>
      <line num="92" count="14" type="cond" truecount="1" falsecount="1"/>
      <line num="93" count="15" type="stmt"/>
      <line num="104" count="14" type="stmt"/>
      <line num="106" count="14" type="stmt"/>
      <line num="107" count="14" type="stmt"/>
      <line num="109" count="2" type="stmt"/>
      <line num="120" count="2" type="stmt"/>
      <line num="131" count="2" type="stmt"/>
      <line num="142" count="2" type="cond" truecount="2" falsecount="0"/>
      <line num="143" count="2" type="stmt"/>
      <line num="145" count="2" type="stmt"/>
    </file>
  </project>
</coverage>
