{"E:\\pw2 - Copy (2) - Copy - Copy\\packages\\ai-pipeline\\agents\\dispatcher-agent.ts": {"path":"E:\\pw2 - Copy (2) - Copy - Copy\\packages\\ai-pipeline\\agents\\dispatcher-agent.ts","statementMap":{"0":{"start":{"line":14,"column":39},"end":{"line":14,"column":null}},"1":{"start":{"line":20,"column":34},"end":{"line":20,"column":null}},"2":{"start":{"line":26,"column":33},"end":{"line":26,"column":null}},"3":{"start":{"line":32,"column":39},"end":{"line":32,"column":null}},"4":{"start":{"line":60,"column":26},"end":{"line":60,"column":null}},"5":{"start":{"line":61,"column":13},"end":{"line":61,"column":null}},"6":{"start":{"line":63,"column":18},"end":{"line":72,"column":null}},"7":{"start":{"line":74,"column":19},"end":{"line":90,"column":null}},"8":{"start":{"line":92,"column":23},"end":{"line":92,"column":null}},"9":{"start":{"line":93,"column":2},"end":{"line":93,"column":null}},"10":{"start":{"line":109,"column":26},"end":{"line":109,"column":null}},"11":{"start":{"line":111,"column":2},"end":{"line":115,"column":null}},"12":{"start":{"line":112,"column":4},"end":{"line":112,"column":null}},"13":{"start":{"line":114,"column":4},"end":{"line":114,"column":null}},"14":{"start":{"line":126,"column":37},"end":{"line":126,"column":null}},"15":{"start":{"line":127,"column":34},"end":{"line":127,"column":null}},"16":{"start":{"line":128,"column":34},"end":{"line":128,"column":null}},"17":{"start":{"line":129,"column":34},"end":{"line":129,"column":null}},"18":{"start":{"line":131,"column":30},"end":{"line":131,"column":null}},"19":{"start":{"line":132,"column":29},"end":{"line":132,"column":null}},"20":{"start":{"line":134,"column":2},"end":{"line":144,"column":null}},"21":{"start":{"line":161,"column":30},"end":{"line":163,"column":null}},"22":{"start":{"line":162,"column":19},"end":{"line":162,"column":null}},"23":{"start":{"line":165,"column":2},"end":{"line":165,"column":null}},"24":{"start":{"line":165,"column":30},"end":{"line":165,"column":null}},"25":{"start":{"line":166,"column":2},"end":{"line":166,"column":null}},"26":{"start":{"line":166,"column":32},"end":{"line":166,"column":null}},"27":{"start":{"line":168,"column":2},"end":{"line":172,"column":null}},"28":{"start":{"line":169,"column":26},"end":{"line":169,"column":null}},"29":{"start":{"line":170,"column":26},"end":{"line":170,"column":null}},"30":{"start":{"line":171,"column":4},"end":{"line":171,"column":null}},"31":{"start":{"line":174,"column":2},"end":{"line":174,"column":null}}},"fnMap":{"0":{"name":"runDispatcherAgent","decl":{"start":{"line":55,"column":22},"end":{"line":55,"column":null}},"loc":{"start":{"line":59,"column":27},"end":{"line":94,"column":null}},"line":59},"1":{"name":"parseDispatcherResponse","decl":{"start":{"line":104,"column":9},"end":{"line":104,"column":null}},"loc":{"start":{"line":108,"column":18},"end":{"line":116,"column":null}},"line":108},"2":{"name":"generateFallbackDispatch","decl":{"start":{"line":125,"column":9},"end":{"line":125,"column":34}},"loc":{"start":{"line":125,"column":93},"end":{"line":145,"column":null}},"line":125},"3":{"name":"findNearestWorker","decl":{"start":{"line":156,"column":16},"end":{"line":156,"column":null}},"loc":{"start":{"line":160,"column":17},"end":{"line":175,"column":null}},"line":160},"4":{"name":"(anonymous_4)","decl":{"start":{"line":161,"column":38},"end":{"line":161,"column":null}},"loc":{"start":{"line":162,"column":19},"end":{"line":162,"column":null}},"line":162},"5":{"name":"(anonymous_5)","decl":{"start":{"line":168,"column":12},"end":{"line":168,"column":18}},"loc":{"start":{"line":168,"column":43},"end":{"line":172,"column":3}},"line":168}},"branchMap":{"0":{"loc":{"start":{"line":92,"column":23},"end":{"line":92,"column":null}},"type":"binary-expr","locations":[{"start":{"line":92,"column":23},"end":{"line":92,"column":40}},{"start":{"line":92,"column":40},"end":{"line":92,"column":null}}],"line":92},"1":{"loc":{"start":{"line":131,"column":40},"end":{"line":131,"column":82}},"type":"binary-expr","locations":[{"start":{"line":131,"column":40},"end":{"line":131,"column":63}},{"start":{"line":131,"column":63},"end":{"line":131,"column":82}}],"line":131},"2":{"loc":{"start":{"line":141,"column":46},"end":{"line":141,"column":79}},"type":"binary-expr","locations":[{"start":{"line":141,"column":46},"end":{"line":141,"column":69}},{"start":{"line":141,"column":69},"end":{"line":141,"column":79}}],"line":141},"3":{"loc":{"start":{"line":162,"column":19},"end":{"line":162,"column":null}},"type":"binary-expr","locations":[{"start":{"line":162,"column":19},"end":{"line":162,"column":47}},{"start":{"line":162,"column":47},"end":{"line":162,"column":73}},{"start":{"line":162,"column":73},"end":{"line":162,"column":null}}],"line":162},"4":{"loc":{"start":{"line":165,"column":2},"end":{"line":165,"column":null}},"type":"if","locations":[{"start":{"line":165,"column":2},"end":{"line":165,"column":null}},{"start":{},"end":{}}],"line":165},"5":{"loc":{"start":{"line":166,"column":2},"end":{"line":166,"column":null}},"type":"if","locations":[{"start":{"line":166,"column":2},"end":{"line":166,"column":null}},{"start":{},"end":{}}],"line":166}},"s":{"0":2,"1":2,"2":2,"3":2,"4":5,"5":5,"6":5,"7":5,"8":4,"9":5,"10":4,"11":4,"12":4,"13":2,"14":2,"15":2,"16":2,"17":2,"18":2,"19":2,"20":2,"21":12,"22":12,"23":12,"24":5,"25":7,"26":1,"27":6,"28":4,"29":4,"30":4,"31":6},"f":{"0":5,"1":4,"2":2,"3":12,"4":12,"5":4},"b":{"0":[4,1],"1":[2,0],"2":[2,0],"3":[12,9,1],"4":[5,7],"5":[1,6]},"meta":{"lastBranch":6,"lastFunction":6,"lastStatement":32,"seen":{"s:14:39:14:Infinity":0,"s:20:34:20:Infinity":1,"s:26:33:26:Infinity":2,"s:32:39:32:Infinity":3,"f:55:22:55:Infinity":0,"s:60:26:60:Infinity":4,"s:61:13:61:Infinity":5,"s:63:18:72:Infinity":6,"s:74:19:90:Infinity":7,"s:92:23:92:Infinity":8,"b:92:23:92:40:92:40:92:Infinity":0,"s:93:2:93:Infinity":9,"f:104:9:104:Infinity":1,"s:109:26:109:Infinity":10,"s:111:2:115:Infinity":11,"s:112:4:112:Infinity":12,"s:114:4:114:Infinity":13,"f:125:9:125:34":2,"s:126:37:126:Infinity":14,"s:127:34:127:Infinity":15,"s:128:34:128:Infinity":16,"s:129:34:129:Infinity":17,"s:131:30:131:Infinity":18,"b:131:40:131:63:131:63:131:82":1,"s:132:29:132:Infinity":19,"s:134:2:144:Infinity":20,"b:141:46:141:69:141:69:141:79":2,"f:156:16:156:Infinity":3,"s:161:30:163:Infinity":21,"f:161:38:161:Infinity":4,"s:162:19:162:Infinity":22,"b:162:19:162:47:162:47:162:73:162:73:162:Infinity":3,"b:165:2:165:Infinity:undefined:undefined:undefined:undefined":4,"s:165:2:165:Infinity":23,"s:165:30:165:Infinity":24,"b:166:2:166:Infinity:undefined:undefined:undefined:undefined":5,"s:166:2:166:Infinity":25,"s:166:32:166:Infinity":26,"s:168:2:172:Infinity":27,"f:168:12:168:18":5,"s:169:26:169:Infinity":28,"s:170:26:170:Infinity":29,"s:171:4:171:Infinity":30,"s:174:2:174:Infinity":31},"fnNames":{}}}
,"E:\\pw2 - Copy (2) - Copy - Copy\\packages\\ai-pipeline\\agents\\intake-agent.ts": {"path":"E:\\pw2 - Copy (2) - Copy - Copy\\packages\\ai-pipeline\\agents\\intake-agent.ts","statementMap":{"0":{"start":{"line":14,"column":35},"end":{"line":14,"column":null}},"1":{"start":{"line":20,"column":30},"end":{"line":20,"column":null}},"2":{"start":{"line":26,"column":29},"end":{"line":26,"column":null}},"3":{"start":{"line":32,"column":35},"end":{"line":32,"column":null}},"4":{"start":{"line":46,"column":26},"end":{"line":46,"column":null}},"5":{"start":{"line":47,"column":13},"end":{"line":47,"column":null}},"6":{"start":{"line":49,"column":19},"end":{"line":61,"column":null}},"7":{"start":{"line":63,"column":23},"end":{"line":63,"column":null}},"8":{"start":{"line":64,"column":2},"end":{"line":64,"column":null}},"9":{"start":{"line":76,"column":26},"end":{"line":76,"column":null}},"10":{"start":{"line":78,"column":2},"end":{"line":93,"column":null}},"11":{"start":{"line":79,"column":33},"end":{"line":79,"column":null}},"12":{"start":{"line":80,"column":4},"end":{"line":80,"column":null}},"13":{"start":{"line":83,"column":4},"end":{"line":92,"column":null}}},"fnMap":{"0":{"name":"runIntakeAgent","decl":{"start":{"line":42,"column":22},"end":{"line":42,"column":null}},"loc":{"start":{"line":45,"column":25},"end":{"line":65,"column":null}},"line":45},"1":{"name":"parseIntakeResponse","decl":{"start":{"line":75,"column":9},"end":{"line":75,"column":29}},"loc":{"start":{"line":75,"column":84},"end":{"line":94,"column":null}},"line":75}},"branchMap":{"0":{"loc":{"start":{"line":63,"column":23},"end":{"line":63,"column":null}},"type":"binary-expr","locations":[{"start":{"line":63,"column":23},"end":{"line":63,"column":40}},{"start":{"line":63,"column":40},"end":{"line":63,"column":null}}],"line":63}},"s":{"0":2,"1":2,"2":2,"3":2,"4":10,"5":10,"6":10,"7":9,"8":10,"9":9,"10":9,"11":9,"12":9,"13":2},"f":{"0":10,"1":9},"b":{"0":[9,1]},"meta":{"lastBranch":1,"lastFunction":2,"lastStatement":14,"seen":{"s:14:35:14:Infinity":0,"s:20:30:20:Infinity":1,"s:26:29:26:Infinity":2,"s:32:35:32:Infinity":3,"f:42:22:42:Infinity":0,"s:46:26:46:Infinity":4,"s:47:13:47:Infinity":5,"s:49:19:61:Infinity":6,"s:63:23:63:Infinity":7,"b:63:23:63:40:63:40:63:Infinity":0,"s:64:2:64:Infinity":8,"f:75:9:75:29":1,"s:76:26:76:Infinity":9,"s:78:2:93:Infinity":10,"s:79:33:79:Infinity":11,"s:80:4:80:Infinity":12,"s:83:4:92:Infinity":13},"fnNames":{}}}
,"E:\\pw2 - Copy (2) - Copy - Copy\\packages\\ai-pipeline\\agents\\prioritizer-agent.ts": {"path":"E:\\pw2 - Copy (2) - Copy - Copy\\packages\\ai-pipeline\\agents\\prioritizer-agent.ts","statementMap":{"0":{"start":{"line":14,"column":40},"end":{"line":14,"column":null}},"1":{"start":{"line":20,"column":35},"end":{"line":20,"column":null}},"2":{"start":{"line":26,"column":34},"end":{"line":26,"column":null}},"3":{"start":{"line":32,"column":40},"end":{"line":32,"column":null}},"4":{"start":{"line":60,"column":26},"end":{"line":60,"column":null}},"5":{"start":{"line":61,"column":13},"end":{"line":61,"column":null}},"6":{"start":{"line":63,"column":18},"end":{"line":72,"column":null}},"7":{"start":{"line":65,"column":60},"end":{"line":71,"column":6}},"8":{"start":{"line":74,"column":19},"end":{"line":90,"column":null}},"9":{"start":{"line":92,"column":23},"end":{"line":92,"column":null}},"10":{"start":{"line":93,"column":2},"end":{"line":93,"column":null}},"11":{"start":{"line":104,"column":26},"end":{"line":104,"column":null}},"12":{"start":{"line":106,"column":2},"end":{"line":110,"column":null}},"13":{"start":{"line":107,"column":4},"end":{"line":107,"column":null}},"14":{"start":{"line":109,"column":4},"end":{"line":109,"column":null}},"15":{"start":{"line":120,"column":59},"end":{"line":129,"column":null}},"16":{"start":{"line":131,"column":47},"end":{"line":140,"column":null}},"17":{"start":{"line":142,"column":45},"end":{"line":142,"column":null}},"18":{"start":{"line":143,"column":31},"end":{"line":143,"column":null}},"19":{"start":{"line":145,"column":2},"end":{"line":152,"column":null}}},"fnMap":{"0":{"name":"runPrioritizerAgent","decl":{"start":{"line":55,"column":22},"end":{"line":55,"column":null}},"loc":{"start":{"line":59,"column":32},"end":{"line":94,"column":null}},"line":59},"1":{"name":"(anonymous_1)","decl":{"start":{"line":65,"column":38},"end":{"line":65,"column":43}},"loc":{"start":{"line":65,"column":60},"end":{"line":71,"column":6}},"line":65},"2":{"name":"parsePrioritizerResponse","decl":{"start":{"line":103,"column":9},"end":{"line":103,"column":34}},"loc":{"start":{"line":103,"column":107},"end":{"line":111,"column":null}},"line":103},"3":{"name":"generateFallbackPriority","decl":{"start":{"line":119,"column":9},"end":{"line":119,"column":34}},"loc":{"start":{"line":119,"column":83},"end":{"line":153,"column":null}},"line":119}},"branchMap":{"0":{"loc":{"start":{"line":92,"column":23},"end":{"line":92,"column":null}},"type":"binary-expr","locations":[{"start":{"line":92,"column":23},"end":{"line":92,"column":40}},{"start":{"line":92,"column":40},"end":{"line":92,"column":null}}],"line":92},"1":{"loc":{"start":{"line":142,"column":45},"end":{"line":142,"column":null}},"type":"binary-expr","locations":[{"start":{"line":142,"column":45},"end":{"line":142,"column":87}},{"start":{"line":142,"column":87},"end":{"line":142,"column":null}}],"line":142},"2":{"loc":{"start":{"line":150,"column":27},"end":{"line":150,"column":null}},"type":"binary-expr","locations":[{"start":{"line":150,"column":27},"end":{"line":150,"column":67}},{"start":{"line":150,"column":67},"end":{"line":150,"column":null}}],"line":150}},"s":{"0":2,"1":2,"2":2,"3":2,"4":15,"5":15,"6":15,"7":1,"8":15,"9":14,"10":15,"11":14,"12":14,"13":14,"14":2,"15":2,"16":2,"17":2,"18":2,"19":2},"f":{"0":15,"1":1,"2":14,"3":2},"b":{"0":[14,0],"1":[2,1],"2":[2,1]},"meta":{"lastBranch":3,"lastFunction":4,"lastStatement":20,"seen":{"s:14:40:14:Infinity":0,"s:20:35:20:Infinity":1,"s:26:34:26:Infinity":2,"s:32:40:32:Infinity":3,"f:55:22:55:Infinity":0,"s:60:26:60:Infinity":4,"s:61:13:61:Infinity":5,"s:63:18:72:Infinity":6,"f:65:38:65:43":1,"s:65:60:71:6":7,"s:74:19:90:Infinity":8,"s:92:23:92:Infinity":9,"b:92:23:92:40:92:40:92:Infinity":0,"s:93:2:93:Infinity":10,"f:103:9:103:34":2,"s:104:26:104:Infinity":11,"s:106:2:110:Infinity":12,"s:107:4:107:Infinity":13,"s:109:4:109:Infinity":14,"f:119:9:119:34":3,"s:120:59:129:Infinity":15,"s:131:47:140:Infinity":16,"s:142:45:142:Infinity":17,"b:142:45:142:87:142:87:142:Infinity":1,"s:143:31:143:Infinity":18,"s:145:2:152:Infinity":19,"b:150:27:150:67:150:67:150:Infinity":2},"fnNames":{}}}
}
