{"E:\\pw2 - Copy (2) - Copy - Copy\\packages\\ai-pipeline\\pipeline.ts": {"path":"E:\\pw2 - Copy (2) - Copy - Copy\\packages\\ai-pipeline\\pipeline.ts","statementMap":{"0":{"start":{"line":47,"column":2},"end":{"line":47,"column":null}},"1":{"start":{"line":47,"column":13},"end":{"line":47,"column":null}},"2":{"start":{"line":49,"column":18},"end":{"line":49,"column":null}},"3":{"start":{"line":50,"column":2},"end":{"line":50,"column":null}},"4":{"start":{"line":52,"column":2},"end":{"line":54,"column":null}},"5":{"start":{"line":53,"column":4},"end":{"line":53,"column":null}},"6":{"start":{"line":55,"column":2},"end":{"line":55,"column":null}},"7":{"start":{"line":59,"column":20},"end":{"line":59,"column":null}},"8":{"start":{"line":60,"column":22},"end":{"line":60,"column":null}},"9":{"start":{"line":70,"column":24},"end":{"line":70,"column":null}},"10":{"start":{"line":71,"column":2},"end":{"line":78,"column":null}},"11":{"start":{"line":72,"column":4},"end":{"line":77,"column":null}},"12":{"start":{"line":82,"column":26},"end":{"line":82,"column":null}},"13":{"start":{"line":83,"column":2},"end":{"line":88,"column":null}},"14":{"start":{"line":84,"column":4},"end":{"line":84,"column":null}},"15":{"start":{"line":86,"column":4},"end":{"line":86,"column":null}},"16":{"start":{"line":87,"column":4},"end":{"line":87,"column":null}},"17":{"start":{"line":91,"column":17},"end":{"line":91,"column":null}},"18":{"start":{"line":96,"column":28},"end":{"line":98,"column":null}},"19":{"start":{"line":97,"column":11},"end":{"line":97,"column":null}},"20":{"start":{"line":101,"column":47},"end":{"line":105,"column":null}},"21":{"start":{"line":106,"column":30},"end":{"line":106,"column":null}},"22":{"start":{"line":108,"column":36},"end":{"line":126,"column":null}},"23":{"start":{"line":129,"column":2},"end":{"line":131,"column":null}},"24":{"start":{"line":130,"column":4},"end":{"line":130,"column":null}},"25":{"start":{"line":135,"column":23},"end":{"line":135,"column":null}},"26":{"start":{"line":136,"column":2},"end":{"line":142,"column":null}},"27":{"start":{"line":137,"column":4},"end":{"line":141,"column":null}},"28":{"start":{"line":144,"column":2},"end":{"line":151,"column":null}},"29":{"start":{"line":145,"column":4},"end":{"line":150,"column":null}},"30":{"start":{"line":154,"column":27},"end":{"line":154,"column":null}},"31":{"start":{"line":157,"column":2},"end":{"line":180,"column":null}},"32":{"start":{"line":159,"column":4},"end":{"line":165,"column":null}},"33":{"start":{"line":167,"column":4},"end":{"line":178,"column":null}},"34":{"start":{"line":179,"column":4},"end":{"line":179,"column":null}},"35":{"start":{"line":182,"column":2},"end":{"line":182,"column":null}}},"fnMap":{"0":{"name":"sanitizeInput","decl":{"start":{"line":46,"column":16},"end":{"line":46,"column":30}},"loc":{"start":{"line":46,"column":52},"end":{"line":56,"column":null}},"line":46},"1":{"name":"runCrisisBridgePipeline","decl":{"start":{"line":66,"column":22},"end":{"line":66,"column":null}},"loc":{"start":{"line":68,"column":27},"end":{"line":183,"column":null}},"line":68},"2":{"name":"(anonymous_2)","decl":{"start":{"line":96,"column":50},"end":{"line":96,"column":null}},"loc":{"start":{"line":97,"column":11},"end":{"line":97,"column":null}},"line":97}},"branchMap":{"0":{"loc":{"start":{"line":47,"column":2},"end":{"line":47,"column":null}},"type":"if","locations":[{"start":{"line":47,"column":2},"end":{"line":47,"column":null}},{"start":{},"end":{}}],"line":47},"1":{"loc":{"start":{"line":52,"column":2},"end":{"line":54,"column":null}},"type":"if","locations":[{"start":{"line":52,"column":2},"end":{"line":54,"column":null}},{"start":{},"end":{}}],"line":52},"2":{"loc":{"start":{"line":71,"column":2},"end":{"line":78,"column":null}},"type":"if","locations":[{"start":{"line":71,"column":2},"end":{"line":78,"column":null}},{"start":{},"end":{}}],"line":71},"3":{"loc":{"start":{"line":83,"column":2},"end":{"line":88,"column":null}},"type":"if","locations":[{"start":{"line":83,"column":2},"end":{"line":88,"column":null}},{"start":{"line":85,"column":9},"end":{"line":88,"column":null}}],"line":83},"4":{"loc":{"start":{"line":97,"column":11},"end":{"line":97,"column":null}},"type":"binary-expr","locations":[{"start":{"line":97,"column":11},"end":{"line":97,"column":53}},{"start":{"line":97,"column":53},"end":{"line":97,"column":null}}],"line":97},"5":{"loc":{"start":{"line":106,"column":30},"end":{"line":106,"column":null}},"type":"binary-expr","locations":[{"start":{"line":106,"column":30},"end":{"line":106,"column":68}},{"start":{"line":106,"column":68},"end":{"line":106,"column":null}}],"line":106},"6":{"loc":{"start":{"line":129,"column":2},"end":{"line":131,"column":null}},"type":"if","locations":[{"start":{"line":129,"column":2},"end":{"line":131,"column":null}},{"start":{},"end":{}}],"line":129},"7":{"loc":{"start":{"line":136,"column":2},"end":{"line":142,"column":null}},"type":"if","locations":[{"start":{"line":136,"column":2},"end":{"line":142,"column":null}},{"start":{},"end":{}}],"line":136},"8":{"loc":{"start":{"line":144,"column":2},"end":{"line":151,"column":null}},"type":"if","locations":[{"start":{"line":144,"column":2},"end":{"line":151,"column":null}},{"start":{},"end":{}}],"line":144},"9":{"loc":{"start":{"line":157,"column":2},"end":{"line":180,"column":null}},"type":"if","locations":[{"start":{"line":157,"column":2},"end":{"line":180,"column":null}},{"start":{"line":166,"column":9},"end":{"line":180,"column":null}}],"line":157}},"s":{"0":10,"1":1,"2":9,"3":9,"4":9,"5":1,"6":9,"7":2,"8":2,"9":4,"10":4,"11":1,"12":3,"13":3,"14":0,"15":3,"16":3,"17":3,"18":3,"19":0,"20":3,"21":3,"22":4,"23":3,"24":1,"25":2,"26":2,"27":0,"28":2,"29":1,"30":1,"31":1,"32":0,"33":1,"34":1,"35":1},"f":{"0":10,"1":4,"2":0},"b":{"0":[1,9],"1":[1,8],"2":[1,3],"3":[0,3],"4":[0,0],"5":[3,0],"6":[1,2],"7":[0,2],"8":[1,1],"9":[0,1]},"meta":{"lastBranch":10,"lastFunction":3,"lastStatement":36,"seen":{"f:46:16:46:30":0,"b:47:2:47:Infinity:undefined:undefined:undefined:undefined":0,"s:47:2:47:Infinity":0,"s:47:13:47:Infinity":1,"s:49:18:49:Infinity":2,"s:50:2:50:Infinity":3,"b:52:2:54:Infinity:undefined:undefined:undefined:undefined":1,"s:52:2:54:Infinity":4,"s:53:4:53:Infinity":5,"s:55:2:55:Infinity":6,"s:59:20:59:Infinity":7,"s:60:22:60:Infinity":8,"f:66:22:66:Infinity":1,"s:70:24:70:Infinity":9,"b:71:2:78:Infinity:undefined:undefined:undefined:undefined":2,"s:71:2:78:Infinity":10,"s:72:4:77:Infinity":11,"s:82:26:82:Infinity":12,"b:83:2:88:Infinity:85:9:88:Infinity":3,"s:83:2:88:Infinity":13,"s:84:4:84:Infinity":14,"s:86:4:86:Infinity":15,"s:87:4:87:Infinity":16,"s:91:17:91:Infinity":17,"s:96:28:98:Infinity":18,"f:96:50:96:Infinity":2,"s:97:11:97:Infinity":19,"b:97:11:97:53:97:53:97:Infinity":4,"s:101:47:105:Infinity":20,"s:106:30:106:Infinity":21,"b:106:30:106:68:106:68:106:Infinity":5,"s:108:36:126:Infinity":22,"b:129:2:131:Infinity:undefined:undefined:undefined:undefined":6,"s:129:2:131:Infinity":23,"s:130:4:130:Infinity":24,"s:135:23:135:Infinity":25,"b:136:2:142:Infinity:undefined:undefined:undefined:undefined":7,"s:136:2:142:Infinity":26,"s:137:4:141:Infinity":27,"b:144:2:151:Infinity:undefined:undefined:undefined:undefined":8,"s:144:2:151:Infinity":28,"s:145:4:150:Infinity":29,"s:154:27:154:Infinity":30,"b:157:2:180:Infinity:166:9:180:Infinity":9,"s:157:2:180:Infinity":31,"s:159:4:165:Infinity":32,"s:167:4:178:Infinity":33,"s:179:4:179:Infinity":34,"s:182:2:182:Infinity":35},"fnNames":{}}}
,"E:\\pw2 - Copy (2) - Copy - Copy\\packages\\ai-pipeline\\agents\\dispatcher-agent.ts": {"path":"E:\\pw2 - Copy (2) - Copy - Copy\\packages\\ai-pipeline\\agents\\dispatcher-agent.ts","statementMap":{"0":{"start":{"line":8,"column":26},"end":{"line":8,"column":null}},"1":{"start":{"line":39,"column":26},"end":{"line":39,"column":null}},"2":{"start":{"line":40,"column":13},"end":{"line":40,"column":null}},"3":{"start":{"line":42,"column":18},"end":{"line":51,"column":null}},"4":{"start":{"line":53,"column":19},"end":{"line":69,"column":null}},"5":{"start":{"line":71,"column":15},"end":{"line":71,"column":null}},"6":{"start":{"line":72,"column":18},"end":{"line":72,"column":null}},"7":{"start":{"line":74,"column":2},"end":{"line":94,"column":null}},"8":{"start":{"line":75,"column":4},"end":{"line":75,"column":null}},"9":{"start":{"line":78,"column":24},"end":{"line":80,"column":null}},"10":{"start":{"line":81,"column":23},"end":{"line":81,"column":null}},"11":{"start":{"line":83,"column":4},"end":{"line":93,"column":null}},"12":{"start":{"line":106,"column":20},"end":{"line":108,"column":null}},"13":{"start":{"line":107,"column":11},"end":{"line":107,"column":null}},"14":{"start":{"line":110,"column":2},"end":{"line":110,"column":null}},"15":{"start":{"line":110,"column":30},"end":{"line":110,"column":null}},"16":{"start":{"line":111,"column":2},"end":{"line":111,"column":null}},"17":{"start":{"line":111,"column":32},"end":{"line":111,"column":null}},"18":{"start":{"line":114,"column":2},"end":{"line":118,"column":null}},"19":{"start":{"line":115,"column":18},"end":{"line":115,"column":null}},"20":{"start":{"line":116,"column":18},"end":{"line":116,"column":null}},"21":{"start":{"line":117,"column":4},"end":{"line":117,"column":null}},"22":{"start":{"line":120,"column":2},"end":{"line":120,"column":null}}},"fnMap":{"0":{"name":"runDispatcherAgent","decl":{"start":{"line":27,"column":22},"end":{"line":27,"column":null}},"loc":{"start":{"line":38,"column":27},"end":{"line":95,"column":null}},"line":38},"1":{"name":"findNearestWorker","decl":{"start":{"line":101,"column":16},"end":{"line":101,"column":null}},"loc":{"start":{"line":105,"column":17},"end":{"line":121,"column":null}},"line":105},"2":{"name":"(anonymous_2)","decl":{"start":{"line":106,"column":28},"end":{"line":106,"column":null}},"loc":{"start":{"line":107,"column":11},"end":{"line":107,"column":null}},"line":107},"3":{"name":"(anonymous_3)","decl":{"start":{"line":114,"column":12},"end":{"line":114,"column":18}},"loc":{"start":{"line":114,"column":27},"end":{"line":118,"column":3}},"line":114}},"branchMap":{"0":{"loc":{"start":{"line":71,"column":15},"end":{"line":71,"column":null}},"type":"binary-expr","locations":[{"start":{"line":71,"column":15},"end":{"line":71,"column":32}},{"start":{"line":71,"column":32},"end":{"line":71,"column":null}}],"line":71},"1":{"loc":{"start":{"line":79,"column":7},"end":{"line":79,"column":37}},"type":"binary-expr","locations":[{"start":{"line":79,"column":7},"end":{"line":79,"column":30}},{"start":{"line":79,"column":30},"end":{"line":79,"column":37}}],"line":79},"2":{"loc":{"start":{"line":90,"column":48},"end":{"line":90,"column":81}},"type":"binary-expr","locations":[{"start":{"line":90,"column":48},"end":{"line":90,"column":71}},{"start":{"line":90,"column":71},"end":{"line":90,"column":81}}],"line":90},"3":{"loc":{"start":{"line":107,"column":11},"end":{"line":107,"column":null}},"type":"binary-expr","locations":[{"start":{"line":107,"column":11},"end":{"line":107,"column":39}},{"start":{"line":107,"column":39},"end":{"line":107,"column":65}},{"start":{"line":107,"column":65},"end":{"line":107,"column":null}}],"line":107},"4":{"loc":{"start":{"line":110,"column":2},"end":{"line":110,"column":null}},"type":"if","locations":[{"start":{"line":110,"column":2},"end":{"line":110,"column":null}},{"start":{},"end":{}}],"line":110},"5":{"loc":{"start":{"line":111,"column":2},"end":{"line":111,"column":null}},"type":"if","locations":[{"start":{"line":111,"column":2},"end":{"line":111,"column":null}},{"start":{},"end":{}}],"line":111}},"s":{"0":2,"1":4,"2":4,"3":4,"4":4,"5":3,"6":4,"7":4,"8":4,"9":1,"10":1,"11":1,"12":7,"13":7,"14":7,"15":4,"16":3,"17":1,"18":2,"19":1,"20":1,"21":1,"22":2},"f":{"0":4,"1":7,"2":7,"3":1},"b":{"0":[3,0],"1":[1,0],"2":[1,0],"3":[7,5,1],"4":[4,3],"5":[1,2]},"meta":{"lastBranch":6,"lastFunction":4,"lastStatement":23,"seen":{"s:8:26:8:Infinity":0,"f:27:22:27:Infinity":0,"s:39:26:39:Infinity":1,"s:40:13:40:Infinity":2,"s:42:18:51:Infinity":3,"s:53:19:69:Infinity":4,"s:71:15:71:Infinity":5,"b:71:15:71:32:71:32:71:Infinity":0,"s:72:18:72:Infinity":6,"s:74:2:94:Infinity":7,"s:75:4:75:Infinity":8,"s:78:24:80:Infinity":9,"b:79:7:79:30:79:30:79:37":1,"s:81:23:81:Infinity":10,"s:83:4:93:Infinity":11,"b:90:48:90:71:90:71:90:81":2,"f:101:16:101:Infinity":1,"s:106:20:108:Infinity":12,"f:106:28:106:Infinity":2,"s:107:11:107:Infinity":13,"b:107:11:107:39:107:39:107:65:107:65:107:Infinity":3,"b:110:2:110:Infinity:undefined:undefined:undefined:undefined":4,"s:110:2:110:Infinity":14,"s:110:30:110:Infinity":15,"b:111:2:111:Infinity:undefined:undefined:undefined:undefined":5,"s:111:2:111:Infinity":16,"s:111:32:111:Infinity":17,"s:114:2:118:Infinity":18,"f:114:12:114:18":3,"s:115:18:115:Infinity":19,"s:116:18:116:Infinity":20,"s:117:4:117:Infinity":21,"s:120:2:120:Infinity":22},"fnNames":{}}}
,"E:\\pw2 - Copy (2) - Copy - Copy\\packages\\ai-pipeline\\agents\\intake-agent.ts": {"path":"E:\\pw2 - Copy (2) - Copy - Copy\\packages\\ai-pipeline\\agents\\intake-agent.ts","statementMap":{"0":{"start":{"line":9,"column":22},"end":{"line":9,"column":null}},"1":{"start":{"line":33,"column":26},"end":{"line":33,"column":null}},"2":{"start":{"line":34,"column":13},"end":{"line":34,"column":null}},"3":{"start":{"line":36,"column":19},"end":{"line":48,"column":null}},"4":{"start":{"line":50,"column":15},"end":{"line":50,"column":null}},"5":{"start":{"line":51,"column":18},"end":{"line":51,"column":null}},"6":{"start":{"line":53,"column":2},"end":{"line":68,"column":null}},"7":{"start":{"line":54,"column":33},"end":{"line":54,"column":null}},"8":{"start":{"line":55,"column":4},"end":{"line":55,"column":null}},"9":{"start":{"line":58,"column":4},"end":{"line":67,"column":null}}},"fnMap":{"0":{"name":"runIntakeAgent","decl":{"start":{"line":29,"column":22},"end":{"line":29,"column":null}},"loc":{"start":{"line":32,"column":25},"end":{"line":69,"column":null}},"line":32}},"branchMap":{"0":{"loc":{"start":{"line":50,"column":15},"end":{"line":50,"column":null}},"type":"binary-expr","locations":[{"start":{"line":50,"column":15},"end":{"line":50,"column":32}},{"start":{"line":50,"column":32},"end":{"line":50,"column":null}}],"line":50}},"s":{"0":2,"1":7,"2":7,"3":7,"4":6,"5":7,"6":7,"7":7,"8":7,"9":1},"f":{"0":7},"b":{"0":[6,0]},"meta":{"lastBranch":1,"lastFunction":1,"lastStatement":10,"seen":{"s:9:22:9:Infinity":0,"f:29:22:29:Infinity":0,"s:33:26:33:Infinity":1,"s:34:13:34:Infinity":2,"s:36:19:48:Infinity":3,"s:50:15:50:Infinity":4,"b:50:15:50:32:50:32:50:Infinity":0,"s:51:18:51:Infinity":5,"s:53:2:68:Infinity":6,"s:54:33:54:Infinity":7,"s:55:4:55:Infinity":8,"s:58:4:67:Infinity":9},"fnNames":{}}}
,"E:\\pw2 - Copy (2) - Copy - Copy\\packages\\ai-pipeline\\agents\\prioritizer-agent.ts": {"path":"E:\\pw2 - Copy (2) - Copy - Copy\\packages\\ai-pipeline\\agents\\prioritizer-agent.ts","statementMap":{"0":{"start":{"line":8,"column":27},"end":{"line":8,"column":null}},"1":{"start":{"line":39,"column":26},"end":{"line":39,"column":null}},"2":{"start":{"line":40,"column":13},"end":{"line":40,"column":null}},"3":{"start":{"line":42,"column":18},"end":{"line":51,"column":null}},"4":{"start":{"line":44,"column":50},"end":{"line":50,"column":6}},"5":{"start":{"line":53,"column":19},"end":{"line":69,"column":null}},"6":{"start":{"line":71,"column":15},"end":{"line":71,"column":null}},"7":{"start":{"line":72,"column":18},"end":{"line":72,"column":null}},"8":{"start":{"line":74,"column":2},"end":{"line":107,"column":null}},"9":{"start":{"line":75,"column":4},"end":{"line":75,"column":null}},"10":{"start":{"line":78,"column":61},"end":{"line":87,"column":null}},"11":{"start":{"line":88,"column":49},"end":{"line":97,"column":null}},"12":{"start":{"line":99,"column":4},"end":{"line":106,"column":null}}},"fnMap":{"0":{"name":"runPrioritizerAgent","decl":{"start":{"line":27,"column":22},"end":{"line":27,"column":null}},"loc":{"start":{"line":38,"column":32},"end":{"line":108,"column":null}},"line":38},"1":{"name":"(anonymous_1)","decl":{"start":{"line":44,"column":38},"end":{"line":44,"column":43}},"loc":{"start":{"line":44,"column":50},"end":{"line":50,"column":6}},"line":44}},"branchMap":{"0":{"loc":{"start":{"line":71,"column":15},"end":{"line":71,"column":null}},"type":"binary-expr","locations":[{"start":{"line":71,"column":15},"end":{"line":71,"column":32}},{"start":{"line":71,"column":32},"end":{"line":71,"column":null}}],"line":71},"1":{"loc":{"start":{"line":101,"column":16},"end":{"line":101,"column":null}},"type":"binary-expr","locations":[{"start":{"line":101,"column":16},"end":{"line":101,"column":58}},{"start":{"line":101,"column":58},"end":{"line":101,"column":null}}],"line":101},"2":{"loc":{"start":{"line":103,"column":18},"end":{"line":103,"column":67}},"type":"binary-expr","locations":[{"start":{"line":103,"column":18},"end":{"line":103,"column":60}},{"start":{"line":103,"column":60},"end":{"line":103,"column":67}}],"line":103},"3":{"loc":{"start":{"line":104,"column":29},"end":{"line":104,"column":null}},"type":"binary-expr","locations":[{"start":{"line":104,"column":29},"end":{"line":104,"column":69}},{"start":{"line":104,"column":69},"end":{"line":104,"column":null}}],"line":104}},"s":{"0":2,"1":10,"2":10,"3":10,"4":0,"5":10,"6":9,"7":10,"8":10,"9":10,"10":1,"11":1,"12":1},"f":{"0":10,"1":0},"b":{"0":[9,0],"1":[1,0],"2":[1,0],"3":[1,0]},"meta":{"lastBranch":4,"lastFunction":2,"lastStatement":13,"seen":{"s:8:27:8:Infinity":0,"f:27:22:27:Infinity":0,"s:39:26:39:Infinity":1,"s:40:13:40:Infinity":2,"s:42:18:51:Infinity":3,"f:44:38:44:43":1,"s:44:50:50:6":4,"s:53:19:69:Infinity":5,"s:71:15:71:Infinity":6,"b:71:15:71:32:71:32:71:Infinity":0,"s:72:18:72:Infinity":7,"s:74:2:107:Infinity":8,"s:75:4:75:Infinity":9,"s:78:61:87:Infinity":10,"s:88:49:97:Infinity":11,"s:99:4:106:Infinity":12,"b:101:16:101:58:101:58:101:Infinity":1,"b:103:18:103:60:103:60:103:67":2,"b:104:29:104:69:104:69:104:Infinity":3},"fnNames":{}}}
}
